2018-03-20 08:34:02 INFO: wng.enableStackTraces = "true"
2018-03-20 08:34:02 INFO: wng.enableLogTraceback = "false"
2018-03-20 08:34:02 INFO: logging enabled
2018-03-20 08:34:02 INFO: socksProxyHost not defined
2018-03-20 08:34:02 INFO: socksProxyPort not defined
2018-03-20 08:34:02 FINE: java.version = 1.8.0_91
2018-03-20 08:34:02 FINE: java.vm.version = 25.91-b14
2018-03-20 08:34:02 FINE: java.vm.name = OpenJDK 64-Bit Server VM
2018-03-20 08:34:02 FINE: java.vendor = Oracle Corporation
2018-03-20 08:34:02 FINE: java.vm.vendor = Oracle Corporation
2018-03-20 08:34:02 FINE: java.home = /usr/lib/jvm/java-8-openjdk-amd64/jre
2018-03-20 08:34:02 FINE: java.library.path = /usr/java/packages/lib/amd64:/usr/lib/x86_64-linux-gnu/jni:/lib/x86_64-linux-gnu:/usr/lib/x86_64-linux-gnu:/usr/lib/jni:/lib:/usr/lib
2018-03-20 08:34:02 FINE: java.class.path = classes:lib/javase-3.2.1.jar:lib/lucene-queries-5.3.2.jar:lib/tika-parsers-1.12.jar:lib/core-3.2.1.jar:lib/lucene-queryparser-5.3.2.jar:lib/bcprov-jdk15on-154.jar:lib/slf4j-api-1.7.18.jar:lib/websocket-api-9.3.9.v20160517.jar:lib/jetty-security-9.3.9.v20160517.jar:lib/jetty-server-9.3.9.v20160517.jar:lib/slf4j-jdk14-1.7.18.jar:lib/websocket-servlet-9.3.9.v20160517.jar:lib/weupnp-0.1.4.jar:lib/jetty-http-9.3.9.v20160517.jar:lib/jetty-util-9.3.9.v20160517.jar:lib/javax.servlet-api-3.1.0.jar:lib/tika-core-1.12.jar:lib/websocket-common-9.3.9.v20160517.jar:lib/lucene-core-5.3.2.jar:lib/jetty-servlet-9.3.9.v20160517.jar:lib/json-simple-1.1.1.jar:lib/jetty-servlets-9.3.9.v20160517.jar:lib/jetty-continuation-9.3.9.v20160517.jar:lib/h2-1.4.191.jar:lib/websocket-client-9.3.9.v20160517.jar:lib/websocket-server-9.3.9.v20160517.jar:lib/lucene-analyzers-common-5.3.2.jar:lib/jetty-io-9.3.9.v20160517.jar:conf:addons/classes
2018-03-20 08:34:02 FINE: os.arch = amd64
2018-03-20 08:34:02 FINE: sun.arch.data.model = 64
2018-03-20 08:34:02 FINE: os.name = Linux
2018-03-20 08:34:02 FINE: file.encoding = UTF-8
2018-03-20 08:34:02 FINE: java.security.policy = null
2018-03-20 08:34:02 FINE: java.security.manager = null
2018-03-20 08:34:02 FINE: wng.runtime.mode = desktop
2018-03-20 08:34:02 FINE: wng.runtime.dirProvider = null
2018-03-20 08:34:02 FINE: availableProcessors = 1
2018-03-20 08:34:02 FINE: maxMemory = 504823808
2018-03-20 08:34:02 FINE: processId = 3558
2018-03-20 08:34:02 INFO: wng.isTestnet = "false"
2018-03-20 08:34:02 INFO: wng.isOffline = "false"
2018-03-20 08:34:02 INFO: wng.maxRollback = "800"
2018-03-20 08:34:02 INFO: wng.forgingDelay = "20"
2018-03-20 08:34:02 INFO: wng.forgingSpeedup = "3"
2018-03-20 08:34:02 INFO: wng.maxPrunableLifetime = "7776000"
2018-03-20 08:34:02 INFO: wng.includeExpiredPrunable = "true"
2018-03-20 08:34:02 INFO: wng.correctInvalidFees = "false"
2018-03-20 08:34:02 INFO: wng.statementLogThreshold = "10000"
2018-03-20 08:34:02 INFO: wng.transactionLogThreshold = "15000"
2018-03-20 08:34:02 INFO: wng.transactionLogInterval = "15"
2018-03-20 08:34:02 INFO: wng.dbCacheKB = "0"
2018-03-20 08:34:02 INFO: wng.dbUrl not defined
2018-03-20 08:34:02 INFO: wng.dbType = "h2"
2018-03-20 08:34:02 INFO: wng.dbDir = "./wng_db/wng"
2018-03-20 08:34:02 INFO: wng.dbParams = "DB_CLOSE_ON_EXIT=FALSE;MVCC=TRUE;MV_STORE=FALSE"
2018-03-20 08:34:02 INFO: wng.dbUsername = "sa"
2018-03-20 08:34:02 INFO: wng.dbPassword = "{not logged}"
2018-03-20 08:34:02 INFO: wng.maxDbConnections = "30"
2018-03-20 08:34:02 INFO: wng.dbLoginTimeout = "70"
2018-03-20 08:34:02 INFO: wng.dbDefaultLockTimeout = "60"
2018-03-20 08:34:02 FINE: Database jdbc url set to jdbc:h2:./wng_db/wng;DB_CLOSE_ON_EXIT=FALSE;MVCC=TRUE;MV_STORE=FALSE;CACHE_SIZE=180224 username sa
2018-03-20 08:34:02 INFO: wng.useStrongSecureRandom = "false"
2018-03-20 08:34:04 FINE: Database connection pool current size: 1
2018-03-20 08:34:04 INFO: Database update may take a while if needed, current db version 481...
2018-03-20 08:34:04 INFO: wng.enableTransactionRebroadcasting = "true"
2018-03-20 08:34:04 INFO: wng.testUnconfirmedTransactions not defined, assuming false
2018-03-20 08:34:04 INFO: wng.maxUnconfirmedTransactions = "2000"
2018-03-20 08:34:05 INFO: wng.trimDerivedTables = "true"
2018-03-20 08:34:05 INFO: wng.numberOfForkConfirmations = "2"
2018-03-20 08:34:05 INFO: wng.trimFrequency = "1000"
2018-03-20 08:34:05 INFO: wng.disableGetMoreBlocksThread not defined, assuming false
2018-03-20 08:34:05 INFO: wng.disableProcessTransactionsThread not defined, assuming false
2018-03-20 08:34:05 INFO: wng.disableRemoveUnconfirmedTransactionsThread not defined, assuming false
2018-03-20 08:34:05 INFO: wng.disableProcessWaitingTransactionsThread not defined, assuming false
2018-03-20 08:34:05 INFO: wng.disableRebroadcastTransactionsThread not defined, assuming false
2018-03-20 08:34:05 INFO: wng.enablePublicKeyCache = "true"
2018-03-20 08:34:05 INFO: wng.ledgerTrimKeep = "30000"
2018-03-20 08:34:05 INFO: wng.ledgerAccounts = "*"
2018-03-20 08:34:05 INFO: Account ledger is tracking all accounts
2018-03-20 08:34:05 INFO: wng.ledgerLogUnconfirmed = "2"
2018-03-20 08:34:05 INFO: wng.processPolls = "true"
2018-03-20 08:34:05 INFO: wng.deleteFinishedShufflings = "false"
2018-03-20 08:34:05 INFO: wng.hideErrorDetails = "true"
2018-03-20 08:34:05 INFO: wng.myPlatform = "WangCore"
2018-03-20 08:34:05 INFO: wng.myAddress = "139.162.59.212"
2018-03-20 08:34:05 INFO: Looking for UPnP gateway device...
2018-03-20 08:34:05 INFO: wng.upnpGatewayTimeout not defined or not numeric, using default value 7000
2018-03-20 08:34:05 INFO: wng.upnpDiscoverTimeout not defined or not numeric, using default value 3000
2018-03-20 08:34:07 INFO: Shutting down...
2018-03-20 08:34:07 INFO: wng.addOns not defined
2018-03-20 08:34:07 INFO: wng.adminPassword = "{not logged}"
2018-03-20 08:34:07 INFO: wng.maxAPIRecords = "300"
2018-03-20 08:34:07 INFO: wng.enableAPIUPnP = "false"
2018-03-20 08:34:07 INFO: wng.disabledAPIs not defined
2018-03-20 08:34:07 INFO: wng.disabledAPITags not defined
2018-03-20 08:34:07 INFO: wng.allowedBotHosts = "*;"
2018-03-20 08:34:07 INFO: wng.enableAPIServer = "true"
2018-03-20 08:34:07 INFO: wng.apiServerPort = "7826"
2018-03-20 08:34:07 INFO: wng.apiServerSSLPort = "7826"
2018-03-20 08:34:07 INFO: wng.apiServerHost = "0.0.0.0"
2018-03-20 08:34:07 INFO: wng.disableAdminPassword = "false"
2018-03-20 08:34:07 INFO: wng.apiSSL = "false"
2018-03-20 08:34:07 INFO: wng.apiServerIdleTimeout = "30000"
2018-03-20 08:34:07 INFO: API server using HTTP port 7826
2018-03-20 08:34:08 INFO: wng.apiResourceBase = "./html/ui"
2018-03-20 08:34:08 INFO: wng.apiWelcomeFile = "index.html"
2018-03-20 08:34:08 INFO: wng.javadocResourceBase = "./html/doc"
2018-03-20 08:34:08 INFO: wng.maxUploadFileSize not defined or not numeric, using default value 0
2018-03-20 08:34:08 INFO: wng.enableAPIServerGZIPFilter = "false"
2018-03-20 08:34:08 INFO: wng.apiServerCORS = "false"
2018-03-20 08:34:08 INFO: wng.apiFrameOptionsSameOrigin = "true"
2018-03-20 08:34:08 INFO: wng.allowedUserHosts = "127.0.0.1; localhost; [0:0:0:0:0:0:0:1];"
2018-03-20 08:34:08 INFO: wng.enableUIServer = "false"
2018-03-20 08:34:08 INFO: User interface server not enabled
2018-03-20 08:34:08 INFO: wng.maxNumberOfMonitors = "100"
2018-03-20 08:34:14 FINE: There are no UPnP gateway devices
2018-03-20 08:34:14 WARNING: Your announced address does not match your external address
2018-03-20 08:34:14 INFO: wng.peerServerPort = "7824"
2018-03-20 08:34:14 INFO: wng.shareMyAddress = "true"
2018-03-20 08:34:14 INFO: wng.enablePeerUPnP = "true"
2018-03-20 08:34:14 INFO: wng.myHallmark = "f4659dc392e1aea36a6461752df1082f72db0620862da91239052550548d68470e003133392e3136322e35392e32313200ca9a3b6da03301ee5aec3231abfded785dd66429633f81c1023614e256b76dc80a337fe80ab7bf042578fbbd6ea6f28d4564182c5ab9cffad44fa74378393b43eb36fd15ba0d755f"
2018-03-20 08:34:14 FINE: My peer info:
{"hallmark":"f4659dc392e1aea36a6461752df1082f72db0620862da91239052550548d68470e003133392e3136322e35392e32313200ca9a3b6da03301ee5aec3231abfded785dd66429633f81c1023614e256b76dc80a337fe80ab7bf042578fbbd6ea6f28d4564182c5ab9cffad44fa74378393b43eb36fd15ba0d755f","announcedAddress":"139.162.59.212","apiPort":7826,"application":"NRS","services":"5","version":"1.8.3","platform":"WangCore","shareAddress":true}
2018-03-20 08:34:14 INFO: wng.defaultPeers = "IP1; IP2;"
2018-03-20 08:34:14 INFO: wng.wellKnownPeers = "139.162.191.229; 139.162.233.212; 139.162.59.212; 173.255.194.203; 23.92.26.153; 45.33.86.84; 45.79.200.58;"
2018-03-20 08:34:14 INFO: wng.knownBlacklistedPeers not defined
2018-03-20 08:34:14 INFO: wng.maxNumberOfInboundConnections = "250"
2018-03-20 08:34:14 INFO: wng.maxNumberOfOutboundConnections = "50"
2018-03-20 08:34:14 INFO: wng.maxNumberOfConnectedPublicPeers = "20"
2018-03-20 08:34:14 INFO: wng.maxNumberOfKnownPeers = "2000"
2018-03-20 08:34:14 INFO: wng.minNumberOfKnownPeers = "1000"
2018-03-20 08:34:14 INFO: wng.connectTimeout = "10000"
2018-03-20 08:34:14 INFO: wng.readTimeout = "20000"
2018-03-20 08:34:14 INFO: wng.enableHallmarkProtection = "false"
2018-03-20 08:34:14 INFO: wng.pushThreshold = "0"
2018-03-20 08:34:14 INFO: wng.pullThreshold = "0"
2018-03-20 08:34:14 INFO: wng.useWebSockets = "true"
2018-03-20 08:34:14 INFO: wng.webSocketIdleTimeout = "900000"
2018-03-20 08:34:14 INFO: wng.enablePeerServerGZIPFilter = "true"
2018-03-20 08:34:14 INFO: wng.blacklistingPeriod = "600000"
2018-03-20 08:34:14 INFO: wng.communicationLoggingMask = "0"
2018-03-20 08:34:14 INFO: wng.sendToPeersLimit = "4"
2018-03-20 08:34:14 INFO: wng.usePeersDb = "true"
2018-03-20 08:34:14 INFO: wng.savePeers = "true"
2018-03-20 08:34:14 INFO: wng.getMorePeers = "true"
2018-03-20 08:34:14 INFO: wng.cjdnsOnly = "false"
2018-03-20 08:34:14 INFO: wng.ignorePeerAnnouncedAddress = "false"
2018-03-20 08:34:14 INFO: wng.disablePeerConnectingThread not defined, assuming false
2018-03-20 08:34:14 INFO: wng.disablePeerUnBlacklistingThread not defined, assuming false
2018-03-20 08:34:14 INFO: wng.disableGetMorePeersThread not defined, assuming false
2018-03-20 08:34:14 INFO: wng.peerServerHost = "0.0.0.0"
2018-03-20 08:34:14 INFO: wng.peerServerIdleTimeout = "30000"
2018-03-20 08:34:14 INFO: wng.enablePeerServerDoSFilter = "true"
2018-03-20 08:34:14 INFO: wng.peerServerDoSFilter.maxRequestsPerSec = "30"
2018-03-20 08:34:14 INFO: wng.peerServerDoSFilter.delayMs = "1000"
2018-03-20 08:34:14 INFO: wng.peerServerDoSFilter.maxRequestMs = "300000"
2018-03-20 08:34:14 INFO: wng.maxNumberOfForgers = "100"
2018-03-20 08:34:14 INFO: wng.enableFakeForging not defined, assuming false
2018-03-20 08:34:14 INFO: shutting down sendingService
2018-03-20 08:34:14 INFO: shutting down peersService
2018-03-20 08:34:14 INFO: wng.disableGenerateBlocksThread not defined, assuming false
2018-03-20 08:34:14 INFO: wng.debugTraceQuote = """
2018-03-20 08:34:14 INFO: wng.debugTraceSeparator = "	"
2018-03-20 08:34:14 INFO: wng.debugLogUnconfirmed = "false"
2018-03-20 08:34:14 INFO: wng.debugTraceAccounts not defined
2018-03-20 08:34:14 INFO: wng.debugTraceLog = "wng-trace.csv"
2018-03-20 08:34:14 FINE: Running 2 tasks...
2018-03-20 08:34:14 FINE: Loading known peers from the database...
2018-03-20 08:34:14 INFO: Database shutdown completed
2018-03-20 08:34:14 INFO: Wng server 1.8.3 stopped.
